<?xml version="1.0" encoding="UTF-8"?>
<testng-results ignored="0" total="5" passed="5" failed="0" skipped="0">
  <reporter-output>
  </reporter-output>
  <suite started-at="2021-10-17T21:03:51Z" name="V1" finished-at="2021-10-17T21:04:33Z" duration-ms="41814">
    <groups>
    </groups>
    <test started-at="2021-10-17T21:03:51Z" name="BankingApp Test" finished-at="2021-10-17T21:04:33Z" duration-ms="41814">
      <class name="com.inetbanking.testCases.TC_LoginDDT_002">
        <test-method is-config="true" signature="setup(java.lang.String)[pri:0, instance:com.inetbanking.testCases.TC_LoginDDT_002@61ca2dfa]" started-at="2021-10-17T21:03:55Z" name="setup" finished-at="2021-10-17T21:03:58Z" duration-ms="2416" status="PASS">
          <params>
            <param index="0">
              <value>
                <![CDATA[chrome]]>
              </value>
            </param>
          </params>
          <reporter-output>
          </reporter-output>
        </test-method> <!-- setup -->
        <test-method signature="loginDDT(java.lang.String, java.lang.String)[pri:0, instance:com.inetbanking.testCases.TC_LoginDDT_002@61ca2dfa]" started-at="2021-10-17T21:03:58Z" name="loginDDT" data-provider="LoginData" finished-at="2021-10-17T21:04:08Z" duration-ms="9451" status="PASS">
          <params>
            <param index="0">
              <value>
                <![CDATA[mngr357269]]>
              </value>
            </param>
            <param index="1">
              <value>
                <![CDATA[bEmurur]]>
              </value>
            </param>
          </params>
          <reporter-output>
          </reporter-output>
        </test-method> <!-- loginDDT -->
        <test-method signature="loginDDT(java.lang.String, java.lang.String)[pri:0, instance:com.inetbanking.testCases.TC_LoginDDT_002@61ca2dfa]" started-at="2021-10-17T21:04:08Z" name="loginDDT" data-provider="LoginData" finished-at="2021-10-17T21:04:16Z" duration-ms="8454" status="PASS">
          <params>
            <param index="0">
              <value>
                <![CDATA[mngr357269]]>
              </value>
            </param>
            <param index="1">
              <value>
                <![CDATA[bEmurur]]>
              </value>
            </param>
          </params>
          <reporter-output>
          </reporter-output>
        </test-method> <!-- loginDDT -->
        <test-method signature="loginDDT(java.lang.String, java.lang.String)[pri:0, instance:com.inetbanking.testCases.TC_LoginDDT_002@61ca2dfa]" started-at="2021-10-17T21:04:16Z" name="loginDDT" data-provider="LoginData" finished-at="2021-10-17T21:04:24Z" duration-ms="8177" status="PASS">
          <params>
            <param index="0">
              <value>
                <![CDATA[mngr357269]]>
              </value>
            </param>
            <param index="1">
              <value>
                <![CDATA[bEmurur]]>
              </value>
            </param>
          </params>
          <reporter-output>
          </reporter-output>
        </test-method> <!-- loginDDT -->
        <test-method signature="loginDDT(java.lang.String, java.lang.String)[pri:0, instance:com.inetbanking.testCases.TC_LoginDDT_002@61ca2dfa]" started-at="2021-10-17T21:04:24Z" name="loginDDT" data-provider="LoginData" finished-at="2021-10-17T21:04:33Z" duration-ms="8156" status="PASS">
          <params>
            <param index="0">
              <value>
                <![CDATA[mngr357269]]>
              </value>
            </param>
            <param index="1">
              <value>
                <![CDATA[bEmurur]]>
              </value>
            </param>
          </params>
          <reporter-output>
          </reporter-output>
        </test-method> <!-- loginDDT -->
        <test-method is-config="true" signature="tearDown()[pri:0, instance:com.inetbanking.testCases.TC_LoginDDT_002@61ca2dfa]" started-at="2021-10-17T21:04:33Z" name="tearDown" finished-at="2021-10-17T21:04:33Z" duration-ms="155" status="PASS">
          <reporter-output>
          </reporter-output>
        </test-method> <!-- tearDown -->
      </class> <!-- com.inetbanking.testCases.TC_LoginDDT_002 -->
      <class name="com.inetbanking.testCases.TC_LoginTest_001">
        <test-method is-config="true" signature="setup(java.lang.String)[pri:0, instance:com.inetbanking.testCases.TC_LoginTest_001@15b3e5b]" started-at="2021-10-17T21:03:51Z" name="setup" finished-at="2021-10-17T21:03:54Z" duration-ms="2954" status="PASS">
          <params>
            <param index="0">
              <value>
                <![CDATA[chrome]]>
              </value>
            </param>
          </params>
          <reporter-output>
          </reporter-output>
        </test-method> <!-- setup -->
        <test-method signature="loginTest()[pri:0, instance:com.inetbanking.testCases.TC_LoginTest_001@15b3e5b]" started-at="2021-10-17T21:03:54Z" name="loginTest" finished-at="2021-10-17T21:03:55Z" duration-ms="1084" status="PASS">
          <reporter-output>
          </reporter-output>
        </test-method> <!-- loginTest -->
        <test-method is-config="true" signature="tearDown()[pri:0, instance:com.inetbanking.testCases.TC_LoginTest_001@15b3e5b]" started-at="2021-10-17T21:03:55Z" name="tearDown" finished-at="2021-10-17T21:03:55Z" duration-ms="153" status="PASS">
          <reporter-output>
          </reporter-output>
        </test-method> <!-- tearDown -->
      </class> <!-- com.inetbanking.testCases.TC_LoginTest_001 -->
    </test> <!-- BankingApp Test -->
  </suite> <!-- V1 -->
</testng-results>
