<?xml version="1.0" encoding="UTF-8"?>
<!-- Generated by org.testng.reporters.JUnitXMLReporter -->
<testsuite ignored="0" hostname="DESKTOP-4D8268P" failures="2" tests="5" name="BankingApp Test" time="34.579" errors="0" timestamp="17 Oct 2021 10:48:25 GMT">
  <testcase classname="com.inetbanking.testCases.TC_LoginTest_001" name="loginTest" time="1.131"/>
  <testcase classname="com.inetbanking.testCases.TC_LoginDDT_002" name="loginDDT" time="4.628">
    <failure type="java.lang.AssertionError" message="expected [true] but found [false]">
      <![CDATA[java.lang.AssertionError: expected [true] but found [false]
at com.inetbanking.testCases.TC_LoginDDT_002.loginDDT(TC_LoginDDT_002.java:32)
... Removed 29 stack frames]]>
    </failure>
  </testcase> <!-- loginDDT -->
  <testcase classname="com.inetbanking.testCases.TC_LoginDDT_002" name="loginDDT" time="8.865"/>
  <testcase classname="com.inetbanking.testCases.TC_LoginDDT_002" name="loginDDT" time="4.635">
    <failure type="java.lang.AssertionError" message="expected [true] but found [false]">
      <![CDATA[java.lang.AssertionError: expected [true] but found [false]
at com.inetbanking.testCases.TC_LoginDDT_002.loginDDT(TC_LoginDDT_002.java:32)
... Removed 29 stack frames]]>
    </failure>
  </testcase> <!-- loginDDT -->
  <testcase classname="com.inetbanking.testCases.TC_LoginDDT_002" name="loginDDT" time="8.371"/>
</testsuite> <!-- BankingApp Test -->
